<?xml version="1.0" encoding="UTF-8"?>
<!-- Generated by org.testng.reporters.JUnitXMLReporter -->
<testsuite hostname="CF-LP00152.local" ignored="0" name="Default test" tests="13" failures="0" timestamp="17 Oct 2019 15:22:19 GMT" time="0.055" errors="0">
  <testcase name="assertArbitraryDelimitertInput" time="0.007" classname="com.sevenShifts.test.StringCalculatorTest"/>
  <testcase name="assertArbitraryMultipleDelimitertInput" time="0.001" classname="com.sevenShifts.test.StringCalculatorTest"/>
  <testcase name="assertEmptyInput" time="0.001" classname="com.sevenShifts.test.StringCalculatorTest"/>
  <testcase name="assertIgnoreMorethan1KDelimitertInput" time="0.001" classname="com.sevenShifts.test.StringCalculatorTest"/>
  <testcase name="assertInvalidDelimitertInput" time="0.001" classname="com.sevenShifts.test.StringCalculatorTest"/>
  <testcase name="assertMultipleDelimitertInput" time="0.001" classname="com.sevenShifts.test.StringCalculatorTest"/>
  <testcase name="assertNegativeOneDigitInput" time="0.001" classname="com.sevenShifts.test.StringCalculatorTest"/>
  <testcase name="assertNegativeOneTwoDigitInput" time="0.0" classname="com.sevenShifts.test.StringCalculatorTest"/>
  <testcase name="assertPlusDelimitertInput" time="0.001" classname="com.sevenShifts.test.StringCalculatorTest"/>
  <testcase name="assertSingleDelimitertInput" time="0.001" classname="com.sevenShifts.test.StringCalculatorTest"/>
  <testcase name="assertSingleDigitInput" time="0.001" classname="com.sevenShifts.test.StringCalculatorTest"/>
  <testcase name="assertTwoDigitIgnoreMorethan1KDelimitertInput" time="0.001" classname="com.sevenShifts.test.StringCalculatorTest"/>
  <testcase name="assertTwoDigitInput" time="0.001" classname="com.sevenShifts.test.StringCalculatorTest"/>
</testsuite> <!-- Default test -->
